{
  "RSpec": {
    "coverage": {
      "/media/home/repos/practicas/agile_web_development/depot6/config/environment.rb": {
        "lines": [
          null,
          1,
          null,
          null,
          1
        ]
      },
      "/media/home/repos/practicas/agile_web_development/depot6/config/application.rb": {
        "lines": [
          1,
          null,
          1,
          null,
          1,
          1,
          1,
          1,
          1,
          1,
          1,
          1,
          1,
          1,
          1,
          null,
          null,
          null,
          null,
          1,
          null,
          1,
          1,
          null,
          1,
          null,
          null,
          null,
          null,
          null,
          null,
          null,
          null,
          null,
          null,
          1,
          null,
          null
        ]
      },
      "/media/home/repos/practicas/agile_web_development/depot6/config/boot.rb": {
        "lines": [
          1,
          null,
          1,
          1
        ]
      },
      "/media/home/repos/practicas/agile_web_development/depot6/config/environments/test.rb": {
        "lines": [
          1,
          null,
          null,
          null,
          null,
          null,
          null,
          1,
          null,
          1,
          1,
          null,
          null,
          null,
          1,
          1,
          null,
          null,
          null,
          null,
          1,
          null,
          null,
          1,
          1,
          null,
          null,
          null,
          null,
          1,
          1,
          1,
          null,
          null,
          1,
          null,
          null,
          1,
          null,
          null,
          1,
          null,
          1,
          null,
          null,
          null,
          null,
          1,
          null,
          null,
          1,
          null,
          null,
          1,
          null,
          null,
          1,
          null,
          null,
          null,
          null,
          null,
          null,
          null
        ]
      },
      "/media/home/repos/practicas/agile_web_development/depot6/config/initializers/application_controller_renderer.rb": {
        "lines": [
          null,
          null,
          null,
          null,
          null,
          null,
          null,
          null
        ]
      },
      "/media/home/repos/practicas/agile_web_development/depot6/config/initializers/assets.rb": {
        "lines": [
          null,
          null,
          null,
          1,
          null,
          null,
          null,
          null,
          1,
          null,
          null,
          null,
          null,
          null
        ]
      },
      "/media/home/repos/practicas/agile_web_development/depot6/config/initializers/backtrace_silencers.rb": {
        "lines": [
          null,
          null,
          null,
          null,
          null,
          null,
          null,
          1
        ]
      },
      "/media/home/repos/practicas/agile_web_development/depot6/config/initializers/content_security_policy.rb": {
        "lines": [
          null,
          null,
          null,
          null,
          null,
          null,
          null,
          null,
          null,
          null,
          null,
          null,
          null,
          null,
          null,
          null,
          null,
          null,
          null,
          null,
          null,
          null,
          null,
          null,
          null,
          null,
          null,
          null,
          null,
          null
        ]
      },
      "/media/home/repos/practicas/agile_web_development/depot6/config/initializers/cookies_serializer.rb": {
        "lines": [
          null,
          null,
          null,
          null,
          1
        ]
      },
      "/media/home/repos/practicas/agile_web_development/depot6/config/initializers/filter_parameter_logging.rb": {
        "lines": [
          null,
          null,
          null,
          1,
          null,
          null
        ]
      },
      "/media/home/repos/practicas/agile_web_development/depot6/config/initializers/inflections.rb": {
        "lines": [
          null,
          null,
          null,
          null,
          null,
          null,
          null,
          null,
          null,
          null,
          null,
          null,
          null,
          null,
          null,
          null
        ]
      },
      "/media/home/repos/practicas/agile_web_development/depot6/config/initializers/mime_types.rb": {
        "lines": [
          null,
          null,
          null,
          null
        ]
      },
      "/media/home/repos/practicas/agile_web_development/depot6/config/initializers/permissions_policy.rb": {
        "lines": [
          null,
          null,
          null,
          null,
          null,
          null,
          null,
          null,
          null,
          null,
          null
        ]
      },
      "/media/home/repos/practicas/agile_web_development/depot6/config/initializers/wrap_parameters.rb": {
        "lines": [
          null,
          null,
          null,
          null,
          null,
          null,
          1,
          2,
          null,
          null,
          null,
          null,
          null,
          null
        ]
      },
      "/media/home/repos/practicas/agile_web_development/depot6/spec/factories/carts.rb": {
        "lines": [
          null,
          null,
          null,
          null,
          null,
          null,
          null,
          null,
          1,
          1,
          null,
          null,
          null
        ]
      },
      "/media/home/repos/practicas/agile_web_development/depot6/spec/factories/line_items.rb": {
        "lines": [
          null,
          null,
          null,
          null,
          null,
          null,
          null,
          null,
          null,
          null,
          null,
          null,
          null,
          null,
          null,
          null,
          null,
          null,
          null,
          null,
          null,
          null,
          null,
          null,
          1,
          1,
          1,
          1,
          null,
          null
        ]
      },
      "/media/home/repos/practicas/agile_web_development/depot6/spec/factories/orders.rb": {
        "lines": [
          null,
          null,
          null,
          null,
          null,
          null,
          null,
          null,
          null,
          null,
          null,
          null,
          1,
          1,
          5,
          5,
          5,
          5,
          null,
          null
        ]
      },
      "/media/home/repos/practicas/agile_web_development/depot6/spec/factories/product.rb": {
        "lines": [
          1,
          1,
          21,
          23,
          23,
          23,
          null,
          null
        ]
      },
      "/media/home/repos/practicas/agile_web_development/depot6/spec/factories/users.rb": {
        "lines": [
          null,
          null,
          null,
          null,
          null,
          null,
          null,
          null,
          null,
          null,
          1,
          1,
          11,
          11,
          null,
          null
        ]
      },
      "/media/home/repos/practicas/agile_web_development/depot6/config/routes.rb": {
        "lines": [
          1,
          null,
          1,
          1,
          1,
          1,
          1,
          null,
          1,
          1,
          1,
          1,
          1,
          1,
          1,
          null,
          null,
          null
        ]
      },
      "/media/home/repos/practicas/agile_web_development/depot6/app/helpers/admin_helper.rb": {
        "lines": [
          1,
          null
        ]
      },
      "/media/home/repos/practicas/agile_web_development/depot6/app/helpers/application_helper.rb": {
        "lines": [
          1,
          1,
          34,
          null,
          null
        ]
      },
      "/media/home/repos/practicas/agile_web_development/depot6/app/helpers/carts_helper.rb": {
        "lines": [
          1,
          null
        ]
      },
      "/media/home/repos/practicas/agile_web_development/depot6/app/helpers/line_items_helper.rb": {
        "lines": [
          1,
          null
        ]
      },
      "/media/home/repos/practicas/agile_web_development/depot6/app/helpers/orders_helper.rb": {
        "lines": [
          1,
          null
        ]
      },
      "/media/home/repos/practicas/agile_web_development/depot6/app/helpers/products_helper.rb": {
        "lines": [
          1,
          null
        ]
      },
      "/media/home/repos/practicas/agile_web_development/depot6/app/helpers/session_helper.rb": {
        "lines": [
          1,
          null
        ]
      },
      "/media/home/repos/practicas/agile_web_development/depot6/app/helpers/store_helper.rb": {
        "lines": [
          1,
          null
        ]
      },
      "/media/home/repos/practicas/agile_web_development/depot6/app/helpers/users_helper.rb": {
        "lines": [
          1,
          null
        ]
      },
      "/media/home/repos/practicas/agile_web_development/depot6/spec/support/shoulda_matchers.rb": {
        "lines": [
          null,
          1,
          1,
          1,
          1,
          null,
          null
        ]
      },
      "/media/home/repos/practicas/agile_web_development/depot6/spec/support/factorybot.rb": {
        "lines": [
          null,
          null,
          1,
          null,
          1,
          null
        ]
      },
      "/media/home/repos/practicas/agile_web_development/depot6/spec/support/database_cleaner.rb": {
        "lines": [
          null,
          null,
          1,
          1,
          1,
          1,
          null,
          null,
          1,
          78,
          null,
          null,
          1,
          4,
          null,
          null,
          1,
          78,
          null,
          null,
          1,
          78,
          null,
          null
        ]
      },
      "/media/home/repos/practicas/agile_web_development/depot6/spec/features/products/create_product_spec.rb": {
        "lines": [
          1,
          1,
          1,
          null,
          1,
          3,
          3,
          1,
          null,
          1,
          2,
          2,
          null,
          null,
          1,
          1,
          1,
          1,
          1,
          1,
          1,
          1,
          1,
          null,
          1,
          null,
          null,
          1,
          1,
          1,
          1,
          1,
          1,
          1,
          1,
          1,
          null,
          1,
          null,
          null
        ]
      },
      "/media/home/repos/practicas/agile_web_development/depot6/spec/authentication_helpers.rb": {
        "lines": [
          1,
          6,
          3,
          3,
          3,
          3,
          null,
          null,
          3,
          null,
          null,
          null,
          1,
          0,
          null
        ]
      },
      "/media/home/repos/practicas/agile_web_development/depot6/spec/features/products/updating_a_product_spec.rb": {
        "lines": [
          1,
          1,
          1,
          null,
          1,
          2,
          2,
          2,
          null,
          1,
          1,
          1,
          1,
          null,
          null,
          1,
          1,
          1,
          1,
          null,
          1,
          1,
          1,
          1,
          1,
          null,
          1,
          1,
          null,
          null
        ]
      },
      "/media/home/repos/practicas/agile_web_development/depot6/spec/features/store/add_product_to_cart_spec.rb": {
        "lines": [
          1,
          1,
          null,
          1,
          2,
          null,
          1,
          1,
          null,
          null,
          1,
          1,
          null,
          1,
          null,
          1,
          1,
          1,
          1,
          null,
          null
        ]
      },
      "/media/home/repos/practicas/agile_web_development/depot6/spec/features/store/empty_cart_spec.rb": {
        "lines": [
          1,
          1,
          null,
          1,
          2,
          null,
          1,
          1,
          null,
          null,
          1,
          1,
          1,
          1,
          null,
          1,
          null,
          null
        ]
      },
      "/media/home/repos/practicas/agile_web_development/depot6/spec/features/store/store_spec.rb": {
        "lines": [
          1,
          1,
          null,
          1,
          2,
          null,
          1,
          1,
          null,
          null,
          1,
          1,
          null,
          1,
          1,
          1,
          1,
          1,
          1,
          null,
          null,
          null
        ]
      },
      "/media/home/repos/practicas/agile_web_development/depot6/spec/mailers/order_spec.rb": {
        "lines": [
          1,
          1,
          null,
          1,
          5,
          5,
          null,
          1,
          4,
          null,
          null,
          1,
          3,
          null,
          1,
          1,
          1,
          1,
          null,
          null,
          1,
          1,
          null,
          null,
          null,
          1,
          3,
          null,
          1,
          1,
          1,
          1,
          null,
          null,
          1,
          1,
          null,
          null,
          null,
          null
        ]
      },
      "/media/home/repos/practicas/agile_web_development/depot6/app/mailers/order_mailer.rb": {
        "lines": [
          1,
          1,
          null,
          null,
          null,
          null,
          null,
          1,
          3,
          null,
          3,
          null,
          null,
          null,
          null,
          null,
          null,
          null,
          1,
          2,
          null,
          2,
          null,
          null
        ]
      },
      "/media/home/repos/practicas/agile_web_development/depot6/app/mailers/application_mailer.rb": {
        "lines": [
          1,
          1,
          1,
          null
        ]
      },
      "/media/home/repos/practicas/agile_web_development/depot6/spec/models/products_spec.rb": {
        "lines": [
          1,
          1,
          null,
          1,
          2,
          2,
          2,
          2,
          2,
          null
        ]
      },
      "/media/home/repos/practicas/agile_web_development/depot6/app/models/product.rb": {
        "lines": [
          null,
          null,
          null,
          null,
          null,
          null,
          null,
          null,
          null,
          null,
          null,
          null,
          1,
          1,
          1,
          null,
          1,
          null,
          1,
          1,
          1,
          1,
          null,
          null,
          null,
          null,
          1,
          null,
          null,
          1,
          2,
          0,
          0,
          null,
          null,
          null
        ]
      },
      "/media/home/repos/practicas/agile_web_development/depot6/app/models/application_record.rb": {
        "lines": [
          1,
          1,
          null
        ]
      },
      "/media/home/repos/practicas/agile_web_development/depot6/spec/requests/admin_spec.rb": {
        "lines": [
          1,
          1,
          1,
          null,
          1,
          2,
          null,
          1,
          1,
          1,
          1,
          1,
          null,
          null,
          null
        ]
      },
      "/media/home/repos/practicas/agile_web_development/depot6/spec/requests/carts_spec.rb": {
        "lines": [
          1,
          1,
          null,
          null,
          null,
          null,
          null,
          null,
          null,
          null,
          null,
          null,
          null,
          null,
          null,
          1,
          null,
          null,
          null,
          null,
          1,
          10,
          null,
          null,
          1,
          2,
          null,
          null,
          1,
          1,
          1,
          0,
          0,
          null,
          null,
          null,
          1,
          1,
          1,
          0,
          0,
          null,
          null,
          null,
          1,
          1,
          1,
          1,
          null,
          null,
          null,
          1,
          1,
          1,
          0,
          0,
          null,
          null,
          null,
          1,
          1,
          1,
          1,
          1,
          null,
          null,
          null,
          1,
          1,
          0,
          null,
          null,
          null,
          1,
          1,
          1,
          1,
          null,
          null,
          null,
          null,
          1,
          1,
          0,
          null,
          null,
          null,
          null,
          null,
          1,
          1,
          1,
          0,
          null,
          null,
          1,
          1,
          0,
          0,
          0,
          null,
          null,
          1,
          1,
          0,
          0,
          0,
          null,
          null,
          null,
          1,
          null,
          1,
          1,
          0,
          0,
          null,
          null,
          null,
          null,
          null,
          1,
          1,
          1,
          0,
          0,
          null,
          null,
          null,
          1,
          1,
          0,
          0,
          null,
          null,
          null
        ]
      },
      "/media/home/repos/practicas/agile_web_development/depot6/spec/requests/line_items_spec.rb": {
        "lines": [
          1,
          null,
          null,
          null,
          null,
          null,
          null,
          null,
          null,
          null,
          null,
          null,
          null,
          null,
          1,
          2,
          2,
          null,
          1,
          1,
          null,
          null,
          1,
          1,
          null,
          1,
          null,
          null
        ]
      },
      "/media/home/repos/practicas/agile_web_development/depot6/spec/requests/orders_spec.rb": {
        "lines": [
          1,
          null,
          null,
          null,
          null,
          null,
          null,
          null,
          null,
          null,
          null,
          null,
          null,
          null,
          1,
          4,
          null,
          1,
          1,
          1,
          1,
          null,
          null,
          null,
          1,
          1,
          1,
          1,
          null,
          1,
          null,
          null,
          null,
          1,
          1,
          2,
          2,
          2,
          2,
          2,
          null,
          null,
          1,
          1,
          null,
          1,
          null,
          null,
          1,
          1,
          null,
          1,
          null,
          null,
          null,
          null
        ]
      },
      "/media/home/repos/practicas/agile_web_development/depot6/spec/requests/products_spec.rb": {
        "lines": [
          1,
          1,
          1,
          null,
          1,
          3,
          3,
          null,
          1,
          2,
          2,
          null,
          null,
          1,
          1,
          null,
          1,
          null,
          null,
          1,
          1,
          1,
          null,
          null,
          null
        ]
      },
      "/media/home/repos/practicas/agile_web_development/depot6/spec/requests/session_spec.rb": {
        "lines": [
          1,
          null,
          1,
          3,
          null,
          1,
          1,
          1,
          null,
          null,
          1,
          1,
          1,
          1,
          null,
          null,
          1,
          1,
          1,
          null,
          null,
          1,
          1,
          1,
          null,
          null
        ]
      },
      "/media/home/repos/practicas/agile_web_development/depot6/spec/requests/store_spec.rb": {
        "lines": [
          1,
          null,
          1,
          1,
          1,
          1,
          1,
          null,
          null,
          null,
          null
        ]
      },
      "/media/home/repos/practicas/agile_web_development/depot6/spec/requests/users_spec.rb": {
        "lines": [
          1,
          1,
          1,
          null,
          null,
          null,
          null,
          null,
          null,
          null,
          null,
          null,
          null,
          null,
          null,
          null,
          1,
          3,
          null,
          1,
          1,
          1,
          1,
          null,
          null,
          null,
          1,
          1,
          1,
          null,
          null,
          null
        ]
      },
      "/media/home/repos/practicas/agile_web_development/depot6/spec/routing/carts_routing_spec.rb": {
        "lines": [
          1,
          null,
          1,
          1,
          1,
          1,
          null,
          null,
          1,
          1,
          null,
          null,
          1,
          1,
          null,
          null,
          1,
          1,
          null,
          null,
          null,
          1,
          1,
          null,
          null,
          1,
          1,
          null,
          null,
          1,
          1,
          null,
          null,
          1,
          1,
          null,
          null,
          null
        ]
      },
      "/media/home/repos/practicas/agile_web_development/depot6/app/controllers/carts_controller.rb": {
        "lines": [
          1,
          1,
          1,
          1,
          null,
          null,
          1,
          0,
          null,
          null,
          null,
          1,
          null,
          null,
          null,
          1,
          1,
          null,
          null,
          null,
          1,
          null,
          null,
          null,
          1,
          0,
          null,
          0,
          0,
          0,
          0,
          null,
          0,
          0,
          null,
          null,
          null,
          null,
          null,
          1,
          0,
          0,
          0,
          0,
          null,
          0,
          0,
          null,
          null,
          null,
          null,
          null,
          1,
          1,
          1,
          null,
          1,
          2,
          1,
          null,
          null,
          null,
          1,
          null,
          1,
          0,
          0,
          null,
          null,
          null,
          1,
          1,
          null,
          null,
          null,
          1,
          0,
          null,
          null
        ]
      },
      "/media/home/repos/practicas/agile_web_development/depot6/app/controllers/application_controller.rb": {
        "lines": [
          1,
          1,
          null,
          1,
          1,
          18,
          0,
          null,
          null,
          null
        ]
      },
      "/media/home/repos/practicas/agile_web_development/depot6/spec/routing/line_items_routing_spec.rb": {
        "lines": [
          1,
          null,
          1,
          1,
          1,
          1,
          null,
          null,
          1,
          1,
          null,
          null,
          1,
          1,
          null,
          null,
          1,
          1,
          null,
          null,
          null,
          1,
          1,
          null,
          null,
          1,
          1,
          null,
          null,
          1,
          1,
          null,
          null,
          1,
          1,
          null,
          null,
          null
        ]
      },
      "/media/home/repos/practicas/agile_web_development/depot6/app/controllers/line_items_controller.rb": {
        "lines": [
          1,
          1,
          null,
          1,
          1,
          1,
          null,
          null,
          1,
          0,
          null,
          null,
          null,
          1,
          null,
          null,
          null,
          1,
          0,
          null,
          null,
          null,
          1,
          null,
          null,
          null,
          1,
          6,
          6,
          6,
          null,
          6,
          6,
          7,
          10,
          7,
          null,
          0,
          0,
          null,
          null,
          null,
          null,
          null,
          1,
          1,
          1,
          2,
          1,
          null,
          0,
          0,
          null,
          null,
          null,
          null,
          null,
          1,
          0,
          null,
          0,
          0,
          0,
          null,
          null,
          null,
          1,
          null,
          1,
          1,
          null,
          null,
          null,
          1,
          1,
          null,
          null
        ]
      },
      "/media/home/repos/practicas/agile_web_development/depot6/app/controllers/concerns/current_cart.rb": {
        "lines": [
          1,
          null,
          1,
          null,
          1,
          25,
          null,
          14,
          14,
          null,
          null
        ]
      },
      "/media/home/repos/practicas/agile_web_development/depot6/spec/routing/orders_routing_spec.rb": {
        "lines": [
          1,
          null,
          1,
          1,
          1,
          1,
          null,
          null,
          1,
          1,
          null,
          null,
          1,
          1,
          null,
          null,
          1,
          1,
          null,
          null,
          null,
          1,
          1,
          null,
          null,
          1,
          1,
          null,
          null,
          1,
          1,
          null,
          null,
          1,
          1,
          null,
          null,
          null
        ]
      },
      "/media/home/repos/practicas/agile_web_development/depot6/app/controllers/orders_controller.rb": {
        "lines": [
          1,
          1,
          null,
          1,
          1,
          1,
          1,
          null,
          null,
          1,
          0,
          null,
          null,
          null,
          1,
          null,
          null,
          null,
          1,
          4,
          null,
          null,
          null,
          1,
          null,
          null,
          null,
          1,
          3,
          3,
          null,
          3,
          3,
          3,
          3,
          3,
          6,
          3,
          null,
          0,
          0,
          null,
          null,
          null,
          null,
          null,
          1,
          0,
          0,
          0,
          0,
          null,
          0,
          0,
          null,
          null,
          null,
          null,
          null,
          1,
          0,
          null,
          0,
          0,
          0,
          null,
          null,
          null,
          1,
          null,
          1,
          5,
          null,
          null,
          null,
          1,
          0,
          null,
          null,
          1,
          3,
          null,
          0,
          null,
          3,
          null,
          0,
          null,
          0,
          null,
          null,
          null,
          null,
          1,
          6,
          null,
          null
        ]
      },
      "/media/home/repos/practicas/agile_web_development/depot6/spec/routing/users_routing_spec.rb": {
        "lines": [
          1,
          null,
          1,
          1,
          1,
          1,
          null,
          null,
          1,
          1,
          null,
          null,
          1,
          1,
          null,
          null,
          1,
          1,
          null,
          null,
          null,
          1,
          1,
          null,
          null,
          1,
          1,
          null,
          null,
          1,
          1,
          null,
          null,
          1,
          1,
          null,
          null,
          null
        ]
      },
      "/media/home/repos/practicas/agile_web_development/depot6/app/controllers/users_controller.rb": {
        "lines": [
          1,
          1,
          1,
          null,
          null,
          1,
          0,
          null,
          null,
          null,
          1,
          null,
          null,
          null,
          1,
          0,
          null,
          null,
          null,
          1,
          null,
          null,
          null,
          1,
          2,
          null,
          2,
          2,
          3,
          3,
          null,
          0,
          0,
          null,
          null,
          null,
          null,
          null,
          1,
          0,
          0,
          0,
          0,
          null,
          0,
          0,
          null,
          null,
          null,
          null,
          null,
          1,
          0,
          null,
          0,
          0,
          0,
          null,
          null,
          null,
          1,
          null,
          1,
          0,
          null,
          null,
          null,
          1,
          2,
          null,
          null
        ]
      },
      "/media/home/repos/practicas/agile_web_development/depot6/app/controllers/store_controller.rb": {
        "lines": [
          1,
          1,
          null,
          1,
          1,
          1,
          11,
          11,
          10,
          null,
          1,
          null,
          null,
          null
        ]
      },
      "/media/home/repos/practicas/agile_web_development/depot6/app/models/cart.rb": {
        "lines": [
          null,
          null,
          null,
          null,
          null,
          null,
          null,
          null,
          1,
          1,
          null,
          1,
          6,
          6,
          0,
          null,
          6,
          null,
          6,
          null,
          null,
          1,
          9,
          null,
          null
        ]
      },
      "/media/home/repos/practicas/agile_web_development/depot6/app/models/line_item.rb": {
        "lines": [
          null,
          null,
          null,
          null,
          null,
          null,
          null,
          null,
          null,
          null,
          null,
          null,
          null,
          null,
          null,
          null,
          null,
          null,
          null,
          null,
          null,
          null,
          null,
          null,
          1,
          1,
          1,
          1,
          null,
          1,
          20,
          null,
          null
        ]
      },
      "/media/home/repos/practicas/agile_web_development/depot6/app/channels/application_cable/connection.rb": {
        "lines": [
          1,
          1,
          null,
          null
        ]
      },
      "/media/home/repos/practicas/agile_web_development/depot6/app/channels/products_channel.rb": {
        "lines": [
          1,
          1,
          8,
          null,
          null,
          1,
          null,
          null,
          null
        ]
      },
      "/media/home/repos/practicas/agile_web_development/depot6/app/channels/application_cable/channel.rb": {
        "lines": [
          1,
          1,
          null,
          null
        ]
      },
      "/media/home/repos/practicas/agile_web_development/depot6/app/models/order.rb": {
        "lines": [
          null,
          null,
          null,
          null,
          null,
          null,
          null,
          null,
          null,
          null,
          null,
          null,
          1,
          null,
          1,
          1,
          null,
          null,
          null,
          null,
          null,
          1,
          null,
          1,
          1,
          null,
          1,
          3,
          1,
          1,
          null,
          null,
          null,
          1,
          1,
          1,
          null,
          1,
          null,
          1,
          1,
          1,
          null,
          0,
          0,
          0,
          0,
          0,
          null,
          0,
          0,
          null,
          null,
          1,
          null,
          1,
          null,
          1,
          null,
          null
        ]
      },
      "/media/home/repos/practicas/agile_web_development/depot6/lib/pago.rb": {
        "lines": [
          1,
          null,
          1,
          1,
          1,
          null,
          1,
          null,
          0,
          null,
          0,
          null,
          0,
          null,
          1,
          1,
          1,
          null,
          null
        ]
      },
      "/media/home/repos/practicas/agile_web_development/depot6/app/jobs/charge_order_job.rb": {
        "lines": [
          1,
          1,
          null,
          1,
          1,
          null,
          null
        ]
      },
      "/media/home/repos/practicas/agile_web_development/depot6/app/jobs/application_job.rb": {
        "lines": [
          1,
          null,
          null,
          null,
          null,
          null,
          null
        ]
      },
      "/media/home/repos/practicas/agile_web_development/depot6/app/models/user.rb": {
        "lines": [
          null,
          null,
          null,
          null,
          null,
          null,
          null,
          null,
          null,
          null,
          1,
          1,
          1,
          null
        ]
      },
      "/media/home/repos/practicas/agile_web_development/depot6/app/controllers/session_controller.rb": {
        "lines": [
          1,
          null,
          1,
          null,
          1,
          null,
          null,
          1,
          8,
          8,
          7,
          7,
          null,
          1,
          null,
          null,
          null,
          1,
          1,
          1,
          null,
          null
        ]
      },
      "/media/home/repos/practicas/agile_web_development/depot6/app/controllers/admin_controller.rb": {
        "lines": [
          1,
          1,
          4,
          null,
          null
        ]
      },
      "/media/home/repos/practicas/agile_web_development/depot6/app/controllers/products_controller.rb": {
        "lines": [
          1,
          1,
          null,
          null,
          1,
          4,
          null,
          null,
          null,
          1,
          null,
          null,
          null,
          1,
          2,
          null,
          null,
          null,
          1,
          null,
          null,
          null,
          1,
          2,
          null,
          2,
          2,
          2,
          1,
          null,
          2,
          1,
          null,
          null,
          null,
          null,
          null,
          1,
          1,
          1,
          2,
          1,
          null,
          1,
          1,
          null,
          null,
          null,
          0,
          0,
          null,
          null,
          null,
          null,
          null,
          1,
          2,
          null,
          2,
          4,
          2,
          null,
          null,
          null,
          1,
          0,
          0,
          0,
          0,
          null,
          null,
          null,
          null,
          1,
          null,
          1,
          6,
          null,
          null,
          null,
          1,
          3,
          null,
          null
        ]
      }
    },
    "timestamp": 1697107956
  }
}
